INFO: Reading Input File
INFO: Running GALA at: /share_scratch/omarchand/Examples_new/calf-15
WARNING: Invalid input. All binding sites will be printed.
WARNING: Invalid input. Default binding energy is used.
INFO: Using default number of steps allocation for DL Poly calculations (Step = 1)
INFO: Using default 0.0 ps timestep
WARNING: Invalid input. Default gcmc cutoff is used. (12.500000)
INFO: Using default grid factor (1,1,1)
WARNING: Updated MD Cutoff from CONTROL. Using: 12.5
WARNING: Updated Grid Factors from CONTROL. Using: (2, 2, 2)
INFO: No guest selected, using all guests.
INFO: No site selected, using all sites.
INFO: Calculating Binding Sites
INFO: Processing bidning sites using RMSD algorithm
INFO: Reading Cube Data
INFO: Looking for probability plot for guest: CO2, at site: Cx
INFO: Attempting to read probability plot: Prob_Guest_CO2_Site_Cx.cube
INFO: Average tanimoto score: 0.996 +/- 0.00044
INFO: Relative entropy 0.5546 — the density is spread out over several regions with similar occupancy. Could indicate multiple low-occupancy sites or weaker binding preferences.
INFO: Reading Cube Data
INFO: Looking for probability plot for guest: CO2, at site: Ox
INFO: Attempting to read probability plot: Prob_Guest_CO2_Site_Ox.cube
INFO: Average tanimoto score: 0.997 +/- 0.00026
INFO: Relative entropy 0.6402 — the density is spread out over several regions with similar occupancy. Could indicate multiple low-occupancy sites or weaker binding preferences.
INFO: DL Poly terminated normally
INFO: DL Poly Subprocesses Elapsed Time: 0.71 seconds
INFO: Runtime completion: 16.68 seconds
