INFO: Reading Input File
INFO: Running GALA at: /share_scratch/omarchand/Examples_new/calf-20
WARNING: Invalid input. All binding sites will be printed.
WARNING: Invalid input. Default binding energy is used.
INFO: Using default number of steps allocation for DL Poly calculations (Step = 1)
INFO: Using default 0.0 ps timestep
WARNING: Invalid input. Default gcmc cutoff is used. (12.500000)
INFO: Using default grid factor (1,1,1)
INFO: No guest selected, using all guests.
INFO: No site selected, using all sites.
INFO: Calculating Binding Sites
INFO: Processing bidning sites using RMSD algorithm
INFO: Reading Cube Data
INFO: Looking for probability plot for guest: C2H2, at site: Cx
INFO: Attempting to read probability plot: Prob_Guest_C2H2_Site_Cx_folded.cube
INFO: Relative entropy 0.6245 — the density is spread out over several regions with similar occupancy. Could indicate multiple low-occupancy sites or weaker binding preferences.
INFO: Input Files Were Already Folded, Skipped
INFO: Reading Cube Data
INFO: Looking for probability plot for guest: C2H2, at site: Hx
INFO: Attempting to read probability plot: Prob_Guest_C2H2_Site_Hx_folded.cube
INFO: Relative entropy 0.6734 — the density is spread out over several regions with similar occupancy. Could indicate multiple low-occupancy sites or weaker binding preferences.
INFO: Input Files Were Already Folded, Skipped
INFO: DL Poly terminated normally
INFO: DL Poly Subprocesses Elapsed Time: 0.29 seconds
INFO: Runtime completion: 1.02 seconds
